2015-05-11 14:49:00,904 [SvnkitService] INFO     svc do run....
2015-05-11 14:49:00,904 [SvnkitService] INFO     Server start ......
2015-05-11 14:52:38,542 [SvnkitService] INFO     svc do stop....
2015-05-11 14:52:38,645 [SvnkitService] INFO     svc do run....
2015-05-11 14:52:38,645 [SvnkitService] INFO     Server start ......
2015-05-11 14:53:54,999 [SvnkitService] INFO     svc do stop....
2015-05-11 14:53:55,098 [SvnkitService] INFO     svc do run....
2015-05-11 14:53:55,098 [SvnkitService] INFO     Server start ......
2015-05-11 14:55:12,430 [SvnkitService] INFO     svc do stop....
2015-05-11 14:55:12,562 [SvnkitService] INFO     svc do run....
2015-05-11 14:55:12,562 [SvnkitService] INFO     Server start ......
2015-05-11 15:00:07,244 [SvnkitService] INFO     svc do stop....
2015-05-11 15:00:07,342 [SvnkitService] INFO     svc do run....
2015-05-11 15:00:07,342 [SvnkitService] INFO     Server start ......
2015-05-11 15:23:13,585 [SvnkitService] INFO     svc do stop....
2015-05-11 15:23:13,680 [SvnkitService] INFO     svc do run....
2015-05-11 15:23:13,680 [SvnkitService] INFO     Server start ......
2015-05-11 15:23:32,440 [SvnkitService] INFO     svc do stop....
2015-05-11 15:23:32,546 [SvnkitService] INFO     svc do run....
2015-05-11 15:23:32,546 [SvnkitService] INFO     Server start ......
2015-05-11 16:04:25,612 [SvnkitService] INFO     svc do run....
2015-05-11 16:04:25,634 [SvnkitService] INFO     Server start ......
2015-05-11 16:27:52,196 [SvnkitService] INFO     svc do stop....
2015-05-11 16:27:52,288 [SvnkitService] INFO     svc do run....
2015-05-11 16:27:52,288 [SvnkitService] INFO     Server start ......
2015-05-11 16:28:32,779 [SvnkitService] INFO     svc do stop....
2015-05-11 16:28:32,887 [SvnkitService] INFO     svc do run....
2015-05-11 16:28:32,887 [SvnkitService] INFO     Server start ......
2015-05-11 16:32:34,428 [SvnkitService] INFO     svc do stop....
2015-05-11 16:32:34,526 [SvnkitService] INFO     svc do run....
2015-05-11 16:32:34,526 [SvnkitService] INFO     Server start ......
2015-05-12 09:12:23,559 [SvnkitService] INFO     svc do run....
2015-05-12 09:12:23,559 [SvnkitService] INFO     Server start ......
2015-05-12 10:23:42,017 [SvnkitService] INFO     svc do stop....
2015-05-12 10:23:42,111 [SvnkitService] INFO     svc do run....
2015-05-12 10:23:42,111 [SvnkitService] INFO     Server start ......
2015-05-12 10:23:55,278 [SvnkitService] INFO     svc do run....
2015-05-12 10:23:55,278 [SvnkitService] INFO     Server start ......
2015-05-12 10:24:26,035 [SvnkitService] INFO     svc do run....
2015-05-12 10:24:26,035 [SvnkitService] INFO     Server start ......
2015-05-12 10:24:58,059 [SvnkitService] INFO     svc do run....
2015-05-12 10:24:58,059 [SvnkitService] INFO     Server start ......
2015-05-12 10:25:27,434 [SvnkitService] INFO     svc do run....
2015-05-12 10:25:27,434 [SvnkitService] INFO     Server start ......
2015-05-12 10:27:12,117 [SvnkitService] INFO     svc do stop....
2015-05-12 10:27:15,079 [SvnkitService] INFO     svc do run....
2015-05-12 10:27:15,079 [SvnkitService] INFO     Server start ......
2015-05-12 10:27:32,256 [SvnkitService] INFO     svc do run....
2015-05-12 10:27:32,256 [SvnkitService] INFO     Server start ......
2015-05-12 10:29:47,073 [SvnkitService] INFO     svc do stop....
2015-05-12 10:32:30,642 [SvnkitService] INFO     svc do run....
2015-05-12 10:32:30,642 [SvnkitService] INFO     Server start ......
2015-05-12 10:33:34,671 [SvnkitService] INFO     svc do stop....
2015-05-12 10:33:36,099 [SvnkitService] INFO     svc do run....
2015-05-12 10:33:36,101 [SvnkitService] INFO     Server start ......
2015-05-12 10:36:35,782 [SvnkitService] INFO     svc do stop....
2015-05-12 10:36:37,194 [SvnkitService] INFO     svc do run....
2015-05-12 10:36:37,194 [SvnkitService] INFO     Server start ......
2015-05-12 10:39:01,105 [SvnkitService] INFO     svc do stop....
2015-05-12 10:39:02,536 [SvnkitService] INFO     svc do run....
2015-05-12 10:39:02,536 [SvnkitService] INFO     Server start ......
2015-05-12 10:40:49,953 [SvnkitService] INFO     svc do stop....
2015-05-12 10:40:51,369 [SvnkitService] INFO     svc do run....
2015-05-12 10:40:51,369 [SvnkitService] INFO     Server start ......
2015-05-12 10:45:26,082 [SvnkitService] INFO     svc do run....
2015-05-12 10:45:26,082 [SvnkitService] INFO     Server start ......
2015-05-12 10:46:40,661 [SvnkitService] INFO     svc do stop....
2015-05-12 10:46:42,068 [SvnkitService] INFO     svc do run....
2015-05-12 10:46:42,068 [SvnkitService] INFO     Server start ......
2015-05-12 10:50:54,239 [SvnkitService] INFO     svc do stop....
2015-05-12 11:48:43,286 [SvnkitService] INFO     svc do run....
2015-05-12 11:48:43,286 [SvnkitService] INFO     Server start ......
2015-05-12 11:49:26,924 [SvnkitService] INFO     svc do run....
2015-05-12 11:49:26,924 [SvnkitService] INFO     Server start ......
2015-05-12 11:49:30,055 [SvnkitService] INFO     svc do stop....
2015-05-12 11:49:42,551 [SvnkitService] INFO     svc do run....
2015-05-12 11:49:42,551 [SvnkitService] INFO     Server start ......
2015-05-12 11:50:18,286 [SvnkitService] INFO     svc do run....
2015-05-12 11:50:18,288 [SvnkitService] INFO     Server start ......
2015-05-12 11:56:39,802 [SvnkitService] INFO     svc do run....
2015-05-12 11:56:39,803 [SvnkitService] INFO     Server start ......
2015-05-12 11:56:44,045 [SvnkitService] INFO     svc do stop....
2015-05-12 11:58:40,778 [SvnkitService] INFO     svc do run....
2015-05-12 11:58:40,778 [SvnkitService] INFO     Server start ......
2015-05-12 12:00:49,151 [SvnkitService] INFO     svc do stop....
2015-05-12 12:06:34,704 [SvnkitService] INFO     svc do run....
2015-05-12 12:06:34,706 [SvnkitService] INFO     Server start ......
2015-05-12 12:06:43,795 [SvnkitService] INFO     svc do run....
2015-05-12 12:06:43,795 [SvnkitService] INFO     Server start ......
2015-05-12 12:06:51,479 [SvnkitService] INFO     svc do run....
2015-05-12 12:06:51,479 [SvnkitService] INFO     Server start ......
2015-05-12 12:07:27,951 [SvnkitService] INFO     svc do run....
2015-05-12 12:07:27,951 [SvnkitService] INFO     Server start ......
2015-05-12 12:08:00,338 [SvnkitService] INFO     svc do run....
2015-05-12 12:08:00,338 [SvnkitService] INFO     Server start ......
2015-05-12 12:09:05,453 [SvnkitService] INFO     svc do stop....
2015-05-12 12:09:06,875 [SvnkitService] INFO     svc do run....
2015-05-12 12:09:06,875 [SvnkitService] INFO     Server start ......
2015-05-12 14:39:51,243 [SvnkitService] INFO     svc do stop....
2015-05-12 14:39:52,950 [SvnkitService] INFO     svc do run....
2015-05-12 14:39:52,950 [SvnkitService] INFO     Server start ......
2015-05-12 14:46:20,967 [SvnkitService] INFO     svc do stop....
2015-05-12 14:46:22,430 [SvnkitService] INFO     svc do run....
2015-05-12 14:46:22,431 [SvnkitService] INFO     Server start ......
2015-05-12 15:05:36,971 [SvnkitService] INFO     svc do stop....
2015-05-12 15:05:38,384 [SvnkitService] INFO     svc do run....
2015-05-12 15:05:38,384 [SvnkitService] INFO     Server start ......
2015-05-12 15:07:15,107 [SvnkitService] INFO     svc do stop....
2015-05-12 15:07:16,525 [SvnkitService] INFO     svc do run....
2015-05-12 15:07:16,525 [SvnkitService] INFO     Server start ......
2015-05-12 15:07:39,042 [SvnkitService] INFO     svc do stop....
2015-05-12 15:07:40,460 [SvnkitService] INFO     svc do run....
2015-05-12 15:07:40,460 [SvnkitService] INFO     Server start ......
2015-05-12 15:08:27,213 [SvnkitService] INFO     svc do stop....
2015-05-12 15:08:42,920 [SvnkitService] INFO     svc do run....
2015-05-12 15:08:42,920 [SvnkitService] INFO     Server start ......
2015-05-13 15:33:49,687 [SvnkitService] INFO     svc do run....
2015-05-13 15:33:49,700 [SvnkitService] INFO     Server start ......
2015-05-13 16:14:45,148 [SvnkitService] INFO     svc do stop....
2015-05-13 17:59:47,269 [SvnkitService] INFO     svc do run....
2015-05-13 17:59:47,288 [SvnkitService] INFO     Server start ......
2015-05-14 11:14:43,599 [SvnkitService] INFO     svc do run....
2015-05-14 11:14:43,599 [SvnkitService] INFO     Server start ......
2015-05-14 11:16:20,901 [SvnkitService] INFO     svc do stop....
2015-05-14 11:17:37,578 [SvnkitService] INFO     svc do run....
2015-05-14 11:17:37,578 [SvnkitService] INFO     Server start ......
2015-05-14 11:17:57,128 [SvnkitService] INFO     svc do stop....
2015-05-14 11:17:57,259 [SvnkitService] INFO     svc do run....
2015-05-14 11:17:57,259 [SvnkitService] INFO     Server start ......
2015-05-14 11:20:26,859 [SvnkitService] INFO     svc do stop....
2015-05-14 11:20:26,990 [SvnkitService] INFO     svc do run....
2015-05-14 11:20:26,992 [SvnkitService] INFO     Server start ......
2015-05-14 11:21:50,369 [SvnkitService] INFO     svc do stop....
2015-05-14 11:21:50,502 [SvnkitService] INFO     svc do run....
2015-05-14 11:21:50,502 [SvnkitService] INFO     Server start ......
2015-05-14 11:28:35,178 [SvnkitService] INFO     svc do stop....
2015-05-14 11:28:56,029 [SvnkitService] INFO     svc do run....
2015-05-14 11:28:56,029 [SvnkitService] INFO     Server start ......
2015-05-14 11:29:04,773 [SvnkitService] INFO     svc do stop....
2015-05-14 11:29:56,371 [SvnkitService] INFO     svc do run....
2015-05-14 11:29:56,371 [SvnkitService] INFO     Server start ......
2015-05-14 11:32:43,642 [SvnkitService] INFO     svc do stop....
2015-05-14 11:54:19,644 [SvnkitService] INFO     svc do run....
2015-05-14 11:54:19,644 [SvnkitService] INFO     Server start ......
2015-05-14 12:01:31,717 [SvnkitService] INFO     svc do stop....
2015-05-14 12:13:25,460 [SvnkitService] INFO     svc do run....
2015-05-14 12:13:25,460 [SvnkitService] INFO     Server start ......
2015-05-14 12:13:55,632 [SvnkitService] INFO     svc do stop....
2015-05-14 12:13:55,769 [SvnkitService] INFO     svc do run....
2015-05-14 12:13:55,769 [SvnkitService] INFO     Server start ......
2015-05-14 12:15:36,346 [SvnkitService] INFO     svc do stop....
2015-05-14 13:26:22,763 [SvnkitService] INFO     svc do run....
2015-05-14 13:26:22,763 [SvnkitService] INFO     Server start ......
2015-05-14 13:26:40,134 [SvnkitService] INFO     svc do stop....
2015-05-14 13:26:40,270 [SvnkitService] INFO     svc do run....
2015-05-14 13:26:40,270 [SvnkitService] INFO     Server start ......
2015-05-14 13:28:31,006 [SvnkitService] INFO     svc do stop....
2015-05-14 13:28:31,141 [SvnkitService] INFO     svc do run....
2015-05-14 13:28:31,141 [SvnkitService] INFO     Server start ......
2015-05-14 13:31:05,019 [SvnkitService] INFO     svc do stop....
2015-05-14 13:36:27,677 [SvnkitService] INFO     svc do run....
2015-05-14 13:36:27,677 [SvnkitService] INFO     Server start ......
2015-05-14 13:38:07,309 [SvnkitService] INFO     svc do stop....
2015-05-14 13:38:07,446 [SvnkitService] INFO     svc do run....
2015-05-14 13:38:07,446 [SvnkitService] INFO     Server start ......
2015-05-14 13:41:04,898 [SvnkitService] INFO     svc do stop....
2015-05-14 13:56:41,936 [SvnkitService] INFO     svc do run....
2015-05-14 13:56:41,936 [SvnkitService] INFO     Server start ......
2015-05-14 13:57:49,650 [SvnkitService] INFO     svc do stop....
2015-05-14 13:57:49,786 [SvnkitService] INFO     svc do run....
2015-05-14 13:57:49,786 [SvnkitService] INFO     Server start ......
2015-05-14 13:59:16,315 [SvnkitService] INFO     svc do stop....
2015-05-14 13:59:16,459 [SvnkitService] INFO     svc do run....
2015-05-14 13:59:16,459 [SvnkitService] INFO     Server start ......
2015-05-14 14:03:43,479 [SvnkitService] INFO     svc do stop....
2015-05-14 14:06:43,322 [SvnkitService] INFO     svc do run....
2015-05-14 14:06:43,322 [SvnkitService] INFO     Server start ......
2015-05-14 14:06:48,687 [SvnkitService] INFO     svc do stop....
2015-05-14 14:06:48,822 [SvnkitService] INFO     svc do run....
2015-05-14 14:06:48,822 [SvnkitService] INFO     Server start ......
2015-05-14 14:07:12,119 [SvnkitService] INFO     svc do stop....
2015-05-14 14:07:13,582 [SvnkitService] INFO     svc do run....
2015-05-14 14:07:13,582 [SvnkitService] INFO     Server start ......
2015-05-14 14:09:36,121 [SvnkitService] INFO     svc do stop....
2015-05-14 14:09:37,598 [SvnkitService] INFO     svc do run....
2015-05-14 14:09:37,598 [SvnkitService] INFO     Server start ......
2015-05-14 14:09:37,641 [SvnkitService] INFO     run error
2015-05-14 14:11:01,427 [SvnkitService] INFO     svc do stop....
2015-05-14 14:11:02,894 [SvnkitService] INFO     svc do run....
2015-05-14 14:11:02,894 [SvnkitService] INFO     Server start ......
2015-05-14 14:11:03,052 [SvnkitService] INFO     run error
2015-05-14 14:11:52,825 [SvnkitService] INFO     svc do stop....
2015-05-14 14:11:54,308 [SvnkitService] INFO     svc do run....
2015-05-14 14:11:54,308 [SvnkitService] INFO     Server start ......
2015-05-14 14:11:54,308 [SvnkitService] INFO     C:\Python27\lib\site-packages\win32
2015-05-14 14:11:54,459 [SvnkitService] INFO     run error
2015-05-14 14:13:39,361 [SvnkitService] INFO     svc do stop....
2015-05-14 14:13:40,813 [SvnkitService] INFO     svc do run....
2015-05-14 14:13:40,815 [SvnkitService] INFO     Server start ......
2015-05-14 14:13:40,815 [SvnkitService] INFO     C:\Python27\lib\site-packages\win32
2015-05-14 14:15:14,460 [SvnkitService] INFO     run error
2015-05-14 14:15:23,961 [SvnkitService] INFO     svc do stop....
2015-05-14 14:15:25,437 [SvnkitService] INFO     svc do run....
2015-05-14 14:15:25,437 [SvnkitService] INFO     Server start ......
2015-05-14 14:15:25,437 [SvnkitService] INFO     C:\Python27\lib\site-packages\win32
2015-05-14 14:16:49,558 [SvnkitService] INFO     svc do stop....
2015-05-14 14:16:59,697 [SvnkitService] INFO     run error
2015-05-14 14:17:00,351 [SvnkitService] INFO     svc do run....
2015-05-14 14:17:00,351 [SvnkitService] INFO     Server start ......
2015-05-14 14:19:26,053 [SvnkitService] INFO     svc do stop....
2015-05-14 14:41:52,387 [SvnkitService] INFO     svc do run....
2015-05-14 14:41:52,387 [SvnkitService] INFO     Server start ......
2015-05-14 14:42:30,144 [SvnkitService] INFO     svc do stop....
2015-05-14 14:43:15,638 [SvnkitService] INFO     svc do run....
2015-05-14 14:43:15,638 [SvnkitService] INFO     Server start ......
2015-05-14 14:43:51,388 [SvnkitService] INFO     svc do stop....
